\BOOKMARK [0][-]{chapter.1}{Introduction}{}% 1
\BOOKMARK [1][-]{section.1.1}{Motivation}{chapter.1}% 2
\BOOKMARK [2][-]{subsection.1.1.1}{Improvements of Behaviour Trees over traditional game AI}{section.1.1}% 3
\BOOKMARK [2][-]{subsection.1.1.2}{Complexity of DEFCON as a Real-Time Strategy Game}{section.1.1}% 4
\BOOKMARK [0][-]{chapter.2}{Background}{}% 5
\BOOKMARK [1][-]{section.2.1}{Research}{chapter.2}% 6
\BOOKMARK [1][-]{section.2.2}{Approach}{chapter.2}% 7
\BOOKMARK [1][-]{section.2.3}{Current state of the art}{chapter.2}% 8
\BOOKMARK [1][-]{section.2.4}{Motivation}{chapter.2}% 9
\BOOKMARK [1][-]{section.2.5}{Target audience}{chapter.2}% 10
\BOOKMARK [0][-]{chapter.3}{Body}{}% 11
\BOOKMARK [1][-]{section.3.1}{Specification}{chapter.3}% 12
\BOOKMARK [1][-]{section.3.2}{Architecture}{chapter.3}% 13
\BOOKMARK [1][-]{section.3.3}{Algorithm outline}{chapter.3}% 14
\BOOKMARK [0][-]{chapter.4}{Evaluation}{}% 15
\BOOKMARK [0][-]{chapter.5}{Plan of work}{}% 16
\BOOKMARK [1][-]{section.5.1}{Remaining tasks}{chapter.5}% 17
\BOOKMARK [1][-]{section.5.2}{Estimated timetable}{chapter.5}% 18
\BOOKMARK [1][-]{section.5.3}{Possible extensions}{chapter.5}% 19
\BOOKMARK [0][-]{chapter*.4}{Bibliography}{}% 20
